<?xml version="1.0" encoding="UTF-8"?>
<!-- Generated by org.testng.reporters.JUnitReportReporter -->
<testsuite hostname="Tariks-MacBook-Pro.local" failures="0" tests="2" name="runner.TestRunner" time="6.738" errors="0" timestamp="2023-01-12T14:16:04 EET" skipped="0">
  <testcase classname="runner.TestRunner" name="runScenario" time="2.692"/>
  <system-out/>
  <testcase classname="runner.TestRunner" name="runScenario" time="4.046"/>
  <system-out/>
</testsuite> <!-- runner.TestRunner -->
